TN:
SF:middleware\authMiddleware.js
FN:3,(anonymous_0)
FNF:1
FNH:1
FNDA:21,(anonymous_0)
DA:1,1
DA:3,1
DA:4,21
DA:7,21
DA:8,0
DA:11,21
DA:13,21
DA:18,21
DA:20,21
DA:23,21
DA:26,21
DA:27,21
DA:31,21
DA:33,0
DA:34,0
DA:38,1
LF:16
LH:13
BRDA:7,0,0,0
BRDA:7,0,1,21
BRDA:13,1,0,21
BRDA:13,1,1,0
BRDA:26,2,0,21
BRDA:26,2,1,0
BRDA:27,3,0,21
BRDA:27,3,1,0
BRDA:27,3,2,0
BRF:9
BRH:4
end_of_record
TN:
SF:models\CalendarEvent.js
FNF:0
FNH:0
DA:1,1
DA:3,1
DA:11,1
LF:3
LH:3
BRF:0
BRH:0
end_of_record
TN:
SF:models\Friend.js
FNF:0
FNH:0
DA:1,1
DA:3,1
DA:27,1
DA:29,1
LF:4
LH:4
BRF:0
BRH:0
end_of_record
TN:
SF:models\FriendRequest.js
FNF:0
FNH:0
DA:1,1
DA:3,1
DA:27,1
DA:29,1
LF:4
LH:4
BRF:0
BRH:0
end_of_record
TN:
SF:models\Message.js
FNF:0
FNH:0
DA:1,1
DA:3,1
DA:36,1
DA:37,1
DA:39,1
DA:41,1
LF:6
LH:6
BRF:0
BRH:0
end_of_record
TN:
SF:models\User.js
FNF:0
FNH:0
DA:1,1
DA:3,1
DA:18,1
LF:3
LH:3
BRF:0
BRH:0
end_of_record
TN:
SF:routes\auth.js
FN:11,(anonymous_0)
FN:48,(anonymous_1)
FN:79,(anonymous_2)
FN:112,(anonymous_3)
FN:139,(anonymous_4)
FN:164,(anonymous_5)
FN:187,(anonymous_6)
FNF:7
FNH:3
FNDA:13,(anonymous_0)
FNDA:12,(anonymous_1)
FNDA:0,(anonymous_2)
FNDA:0,(anonymous_3)
FNDA:0,(anonymous_4)
FNDA:0,(anonymous_5)
FNDA:3,(anonymous_6)
DA:1,1
DA:2,1
DA:3,1
DA:4,1
DA:5,1
DA:6,1
DA:7,1
DA:8,1
DA:11,1
DA:12,13
DA:13,13
DA:15,13
DA:18,13
DA:19,0
DA:23,13
DA:24,13
DA:27,13
DA:28,13
DA:31,13
DA:38,13
DA:39,13
DA:41,0
DA:42,0
DA:48,1
DA:49,12
DA:50,12
DA:53,12
DA:54,12
DA:57,12
DA:58,12
DA:61,11
DA:63,11
DA:74,0
DA:79,1
DA:80,0
DA:82,0
DA:83,0
DA:84,0
DA:87,0
DA:88,0
DA:90,0
DA:91,0
DA:92,0
DA:95,0
DA:97,0
DA:104,0
DA:106,0
DA:107,0
DA:112,1
DA:113,0
DA:115,0
DA:116,0
DA:121,0
DA:123,0
DA:124,0
DA:126,0
DA:127,0
DA:128,0
DA:129,0
DA:131,0
DA:133,0
DA:134,0
DA:139,1
DA:140,0
DA:142,0
DA:143,0
DA:153,0
DA:154,0
DA:157,0
DA:159,0
DA:160,0
DA:164,1
DA:165,0
DA:167,0
DA:168,0
DA:169,0
DA:171,0
DA:172,0
DA:174,0
DA:175,0
DA:177,0
DA:178,0
DA:180,0
DA:182,0
DA:183,0
DA:187,1
DA:188,3
DA:189,3
DA:192,3
DA:193,0
DA:196,3
DA:198,3
DA:207,3
DA:208,0
DA:212,3
DA:224,0
DA:227,0
DA:228,0
DA:236,1
LF:99
LH:42
BRDA:18,0,0,0
BRDA:18,0,1,13
BRDA:18,1,0,13
BRDA:18,1,1,13
BRDA:18,1,2,13
BRDA:18,1,3,13
BRDA:24,2,0,0
BRDA:24,2,1,13
BRDA:54,3,0,0
BRDA:54,3,1,12
BRDA:58,4,0,1
BRDA:58,4,1,11
BRDA:70,5,0,11
BRDA:70,5,1,0
BRDA:84,6,0,0
BRDA:84,6,1,0
BRDA:121,7,0,0
BRDA:121,7,1,0
BRDA:153,8,0,0
BRDA:153,8,1,0
BRDA:169,9,0,0
BRDA:169,9,1,0
BRDA:172,10,0,0
BRDA:172,10,1,0
BRDA:192,11,0,0
BRDA:192,11,1,3
BRDA:207,12,0,0
BRDA:207,12,1,3
BRDA:227,13,0,0
BRDA:227,13,1,0
BRF:30
BRH:12
end_of_record
TN:
SF:routes\calendar.js
FN:11,(anonymous_0)
FN:37,(anonymous_1)
FN:60,(anonymous_2)
FN:73,(anonymous_3)
FN:102,(anonymous_4)
FNF:5
FNH:3
FNDA:5,(anonymous_0)
FNDA:1,(anonymous_1)
FNDA:1,(anonymous_2)
FNDA:0,(anonymous_3)
FNDA:0,(anonymous_4)
DA:1,1
DA:2,1
DA:3,1
DA:4,1
DA:5,1
DA:8,1
DA:11,1
DA:12,5
DA:13,5
DA:15,5
DA:18,5
DA:26,5
DA:27,5
DA:28,5
DA:30,0
DA:31,0
DA:37,1
DA:38,1
DA:39,1
DA:41,1
DA:45,1
DA:47,1
DA:48,0
DA:49,0
DA:52,1
DA:54,0
DA:55,0
DA:60,1
DA:61,1
DA:62,1
DA:63,1
DA:64,1
DA:65,1
DA:67,0
DA:68,0
DA:73,1
DA:74,0
DA:75,0
DA:76,0
DA:77,0
DA:78,0
DA:79,0
DA:82,0
DA:93,0
DA:94,0
DA:96,0
DA:97,0
DA:102,1
DA:103,0
DA:104,0
DA:105,0
DA:106,0
DA:107,0
DA:108,0
DA:111,0
DA:112,0
DA:114,0
DA:115,0
DA:119,1
LF:59
LH:30
BRDA:23,0,0,5
BRDA:23,0,1,1
BRDA:47,1,0,0
BRDA:47,1,1,1
BRDA:47,2,0,1
BRDA:47,2,1,1
BRDA:77,3,0,0
BRDA:77,3,1,0
BRDA:88,4,0,0
BRDA:88,4,1,0
BRDA:106,5,0,0
BRDA:106,5,1,0
BRF:12
BRH:5
end_of_record
TN:
SF:routes\friends.js
FN:16,(anonymous_0)
FN:250,(anonymous_1)
FN:280,(anonymous_2)
FN:310,(anonymous_3)
FN:432,(anonymous_4)
FN:447,(anonymous_5)
FN:477,(anonymous_6)
FN:545,(anonymous_7)
FN:576,(anonymous_8)
FN:582,(anonymous_9)
FN:611,(anonymous_10)
FN:612,(anonymous_11)
FN:615,(anonymous_12)
FNF:13
FNH:0
FNDA:0,(anonymous_0)
FNDA:0,(anonymous_1)
FNDA:0,(anonymous_2)
FNDA:0,(anonymous_3)
FNDA:0,(anonymous_4)
FNDA:0,(anonymous_5)
FNDA:0,(anonymous_6)
FNDA:0,(anonymous_7)
FNDA:0,(anonymous_8)
FNDA:0,(anonymous_9)
FNDA:0,(anonymous_10)
FNDA:0,(anonymous_11)
FNDA:0,(anonymous_12)
DA:1,1
DA:2,1
DA:3,1
DA:4,1
DA:5,1
DA:6,1
DA:7,1
DA:10,1
DA:16,1
DA:17,0
DA:18,0
DA:21,0
DA:24,0
DA:25,0
DA:32,0
DA:33,0
DA:34,0
DA:41,0
DA:49,0
DA:50,0
DA:57,0
DA:64,0
DA:66,0
DA:68,0
DA:75,0
DA:77,0
DA:80,0
DA:81,0
DA:82,0
DA:85,0
DA:88,0
DA:91,0
DA:94,0
DA:95,0
DA:104,0
DA:112,0
DA:115,0
DA:116,0
DA:119,0
DA:128,0
DA:130,0
DA:143,0
DA:149,0
DA:153,0
DA:156,0
DA:159,0
DA:161,0
DA:170,0
DA:179,0
DA:188,0
DA:194,0
DA:197,0
DA:200,0
DA:203,0
DA:204,0
DA:214,0
DA:215,0
DA:227,0
DA:231,0
DA:237,0
DA:238,0
DA:250,1
DA:251,0
DA:252,0
DA:254,0
DA:261,0
DA:267,0
DA:268,0
DA:280,1
DA:281,0
DA:282,0
DA:284,0
DA:291,0
DA:297,0
DA:298,0
DA:310,1
DA:311,0
DA:312,0
DA:313,0
DA:314,0
DA:317,0
DA:318,0
DA:325,0
DA:327,0
DA:328,0
DA:335,0
DA:336,0
DA:343,0
DA:344,0
DA:351,0
DA:352,0
DA:355,0
DA:356,0
DA:358,0
DA:365,0
DA:367,0
DA:380,0
DA:386,0
DA:390,0
DA:396,0
DA:399,0
DA:400,0
DA:410,0
DA:419,0
DA:420,0
DA:432,1
DA:433,0
DA:434,0
DA:438,0
DA:447,0
DA:448,0
DA:453,0
DA:458,0
DA:464,0
DA:465,0
DA:477,1
DA:478,0
DA:479,0
DA:480,0
DA:484,0
DA:498,0
DA:499,0
DA:506,0
DA:518,0
DA:521,0
DA:522,0
DA:527,0
DA:532,0
DA:533,0
DA:545,1
DA:546,0
DA:547,0
DA:548,0
DA:550,0
DA:551,0
DA:558,0
DA:567,0
DA:576,0
DA:577,0
DA:582,0
DA:583,0
DA:588,0
DA:591,0
DA:601,0
DA:606,0
DA:611,0
DA:612,0
DA:615,0
DA:616,0
DA:617,0
DA:620,0
DA:621,0
DA:622,0
DA:623,0
DA:625,0
DA:629,0
DA:631,0
DA:634,0
DA:640,0
DA:641,0
DA:649,1
LF:161
LH:16
BRDA:21,0,0,0
BRDA:21,0,1,0
BRDA:24,1,0,0
BRDA:24,1,1,0
BRDA:33,2,0,0
BRDA:33,2,1,0
BRDA:49,3,0,0
BRDA:49,3,1,0
BRDA:64,4,0,0
BRDA:64,4,1,0
BRDA:66,5,0,0
BRDA:66,5,1,0
BRDA:66,6,0,0
BRDA:66,6,1,0
BRDA:75,7,0,0
BRDA:75,7,1,0
BRDA:75,8,0,0
BRDA:75,8,1,0
BRDA:80,9,0,0
BRDA:80,9,1,0
BRDA:94,10,0,0
BRDA:94,10,1,0
BRDA:112,11,0,0
BRDA:112,11,1,0
BRDA:112,12,0,0
BRDA:112,12,1,0
BRDA:128,13,0,0
BRDA:128,13,1,0
BRDA:159,14,0,0
BRDA:159,14,1,0
BRDA:203,15,0,0
BRDA:203,15,1,0
BRDA:252,16,0,0
BRDA:252,16,1,0
BRDA:282,17,0,0
BRDA:282,17,1,0
BRDA:314,18,0,0
BRDA:314,18,1,0
BRDA:317,19,0,0
BRDA:317,19,1,0
BRDA:317,20,0,0
BRDA:317,20,1,0
BRDA:327,21,0,0
BRDA:327,21,1,0
BRDA:335,22,0,0
BRDA:335,22,1,0
BRDA:343,23,0,0
BRDA:343,23,1,0
BRDA:356,24,0,0
BRDA:356,24,1,0
BRDA:365,25,0,0
BRDA:365,25,1,0
BRDA:399,26,0,0
BRDA:399,26,1,0
BRDA:434,27,0,0
BRDA:434,27,1,0
BRDA:448,28,0,0
BRDA:448,28,1,0
BRDA:480,29,0,0
BRDA:480,29,1,0
BRDA:498,30,0,0
BRDA:498,30,1,0
BRDA:521,31,0,0
BRDA:521,31,1,0
BRDA:548,32,0,0
BRDA:548,32,1,0
BRDA:550,33,0,0
BRDA:550,33,1,0
BRDA:550,34,0,0
BRDA:550,34,1,0
BRDA:577,35,0,0
BRDA:577,35,1,0
BRDA:583,36,0,0
BRDA:583,36,1,0
BRDA:620,37,0,0
BRDA:620,37,1,0
BRDA:622,38,0,0
BRDA:622,38,1,0
BRF:78
BRH:0
end_of_record
TN:
SF:routes\matches.js
FN:14,(anonymous_0)
FN:84,(anonymous_1)
FN:135,(anonymous_2)
FN:144,(anonymous_3)
FN:166,(anonymous_4)
FNF:5
FNH:1
FNDA:1,(anonymous_0)
FNDA:0,(anonymous_1)
FNDA:0,(anonymous_2)
FNDA:0,(anonymous_3)
FNDA:0,(anonymous_4)
DA:1,1
DA:2,1
DA:3,1
DA:4,1
DA:5,1
DA:8,1
DA:14,1
DA:15,1
DA:17,1
DA:18,1
DA:20,1
DA:23,1
DA:24,1
DA:25,1
DA:26,0
DA:27,0
DA:29,0
DA:31,0
DA:32,0
DA:33,0
DA:35,0
DA:36,0
DA:37,0
DA:38,0
DA:39,0
DA:45,1
DA:46,0
DA:53,1
DA:56,1
DA:62,1
DA:65,1
DA:71,0
DA:72,0
DA:84,1
DA:85,0
DA:86,0
DA:88,0
DA:89,0
DA:96,0
DA:97,0
DA:98,0
DA:105,0
DA:106,0
DA:109,0
DA:115,0
DA:122,0
DA:126,0
DA:135,0
DA:144,0
DA:153,0
DA:154,0
DA:166,1
DA:167,0
DA:168,0
DA:169,0
DA:170,0
DA:172,0
DA:173,0
DA:180,0
DA:181,0
DA:188,0
DA:189,0
DA:190,0
DA:197,0
DA:198,0
DA:199,0
DA:206,0
DA:207,0
DA:214,0
DA:217,0
DA:218,0
DA:220,0
DA:230,0
DA:240,0
DA:242,0
DA:257,0
DA:263,0
DA:264,0
DA:272,1
LF:79
LH:22
BRDA:17,0,0,1
BRDA:17,0,1,1
BRDA:18,1,0,1
BRDA:18,1,1,1
BRDA:24,2,0,1
BRDA:24,2,1,0
BRDA:26,3,0,0
BRDA:26,3,1,0
BRDA:31,4,0,0
BRDA:31,4,1,0
BRDA:33,5,0,0
BRDA:33,5,1,0
BRDA:33,6,0,0
BRDA:33,6,1,0
BRDA:36,7,0,0
BRDA:36,7,1,0
BRDA:36,8,0,0
BRDA:36,8,1,0
BRDA:45,9,0,0
BRDA:45,9,1,1
BRDA:68,10,0,1
BRDA:68,10,1,0
BRDA:86,11,0,0
BRDA:86,11,1,0
BRDA:88,12,0,0
BRDA:88,12,1,0
BRDA:97,13,0,0
BRDA:97,13,1,0
BRDA:170,14,0,0
BRDA:170,14,1,0
BRDA:172,15,0,0
BRDA:172,15,1,0
BRDA:180,16,0,0
BRDA:180,16,1,0
BRDA:180,17,0,0
BRDA:180,17,1,0
BRDA:189,18,0,0
BRDA:189,18,1,0
BRDA:198,19,0,0
BRDA:198,19,1,0
BRDA:218,20,0,0
BRDA:218,20,1,0
BRF:42
BRH:7
end_of_record
TN:
SF:routes\messages.js
FN:14,(anonymous_0)
FN:106,(anonymous_1)
FN:123,(anonymous_2)
FN:156,(anonymous_3)
FN:210,(anonymous_4)
FN:240,(anonymous_5)
FN:297,(anonymous_6)
FN:356,(anonymous_7)
FN:407,(anonymous_8)
FNF:9
FNH:3
FNDA:2,(anonymous_0)
FNDA:0,(anonymous_1)
FNDA:0,(anonymous_2)
FNDA:0,(anonymous_3)
FNDA:0,(anonymous_4)
FNDA:0,(anonymous_5)
FNDA:0,(anonymous_6)
FNDA:1,(anonymous_7)
FNDA:1,(anonymous_8)
DA:1,1
DA:2,1
DA:3,1
DA:4,1
DA:5,1
DA:8,1
DA:14,1
DA:15,2
DA:16,2
DA:19,2
DA:20,0
DA:26,2
DA:27,0
DA:34,2
DA:37,2
DA:38,2
DA:39,0
DA:46,2
DA:54,2
DA:57,2
DA:60,2
DA:61,2
DA:64,2
DA:65,2
DA:75,2
DA:85,2
DA:92,0
DA:93,0
DA:106,1
DA:107,0
DA:108,0
DA:112,0
DA:121,0
DA:123,0
DA:124,0
DA:125,0
DA:127,0
DA:128,0
DA:133,0
DA:138,0
DA:139,0
DA:141,0
DA:144,0
DA:145,0
DA:147,0
DA:151,0
DA:152,0
DA:156,0
DA:157,0
DA:160,0
DA:162,0
DA:170,0
DA:186,0
DA:190,0
DA:196,0
DA:197,0
DA:210,1
DA:211,0
DA:212,0
DA:214,0
DA:220,0
DA:226,0
DA:227,0
DA:240,1
DA:241,0
DA:242,0
DA:243,0
DA:246,0
DA:247,0
DA:248,0
DA:255,0
DA:269,0
DA:270,0
DA:277,0
DA:284,0
DA:285,0
DA:297,1
DA:298,0
DA:299,0
DA:300,0
DA:303,0
DA:305,0
DA:306,0
DA:313,0
DA:314,0
DA:321,0
DA:324,0
DA:329,0
DA:330,0
DA:331,0
DA:336,0
DA:342,0
DA:343,0
DA:356,1
DA:357,1
DA:358,1
DA:359,1
DA:362,1
DA:363,1
DA:364,0
DA:371,1
DA:380,1
DA:386,1
DA:397,1
DA:398,1
DA:400,0
DA:407,1
DA:408,1
DA:409,1
DA:421,1
DA:432,0
DA:433,0
DA:441,1
LF:113
LH:43
BRDA:19,0,0,0
BRDA:19,0,1,2
BRDA:19,1,0,2
BRDA:19,1,1,2
BRDA:26,2,0,0
BRDA:26,2,1,2
BRDA:34,3,0,2
BRDA:34,3,1,0
BRDA:38,4,0,0
BRDA:38,4,1,2
BRDA:64,5,0,2
BRDA:64,5,1,0
BRDA:108,6,0,0
BRDA:108,6,1,0
BRDA:124,7,0,0
BRDA:124,7,1,0
BRDA:127,8,0,0
BRDA:127,8,1,0
BRDA:144,9,0,0
BRDA:144,9,1,0
BRDA:151,10,0,0
BRDA:151,10,1,0
BRDA:160,11,0,0
BRDA:160,11,1,0
BRDA:181,12,0,0
BRDA:181,12,1,0
BRDA:212,13,0,0
BRDA:212,13,1,0
BRDA:242,14,0,0
BRDA:242,14,1,0
BRDA:247,15,0,0
BRDA:247,15,1,0
BRDA:269,16,0,0
BRDA:269,16,1,0
BRDA:299,17,0,0
BRDA:299,17,1,0
BRDA:305,18,0,0
BRDA:305,18,1,0
BRDA:313,19,0,0
BRDA:313,19,1,0
BRDA:330,20,0,0
BRDA:330,20,1,0
BRDA:358,21,0,1
BRDA:358,21,1,0
BRDA:363,22,0,0
BRDA:363,22,1,1
BRDA:398,23,0,0
BRDA:398,23,1,1
BRDA:398,24,0,1
BRDA:398,24,1,1
BRDA:413,25,0,1
BRDA:413,25,1,0
BRDA:414,26,0,1
BRDA:414,26,1,0
BRF:54
BRH:14
end_of_record
TN:
SF:utils\matchingService.js
FN:12,findPotentialBuddies
FN:70,(anonymous_1)
FN:86,(anonymous_2)
FN:119,(anonymous_3)
FN:129,(anonymous_4)
FN:174,(anonymous_5)
FN:205,(anonymous_6)
FN:219,calculateTimeOverlap
FN:244,calculateCompatibilityScore
FNF:9
FNH:4
FNDA:1,findPotentialBuddies
FNDA:1,(anonymous_1)
FNDA:0,(anonymous_2)
FNDA:0,(anonymous_3)
FNDA:0,(anonymous_4)
FNDA:2,(anonymous_5)
FNDA:0,(anonymous_6)
FNDA:0,calculateTimeOverlap
FNDA:1,calculateCompatibilityScore
DA:1,1
DA:2,1
DA:3,1
DA:13,1
DA:14,1
DA:17,1
DA:18,0
DA:22,1
DA:23,1
DA:24,0
DA:26,1
DA:29,1
DA:30,1
DA:33,1
DA:34,1
DA:35,1
DA:38,1
DA:39,1
DA:43,1
DA:45,1
DA:46,1
DA:50,1
DA:51,1
DA:53,1
DA:54,0
DA:58,1
DA:64,1
DA:67,1
DA:70,1
DA:71,1
DA:86,1
DA:88,0
DA:89,0
DA:90,0
DA:96,0
DA:97,0
DA:99,0
DA:102,0
DA:103,0
DA:105,0
DA:119,0
DA:120,0
DA:121,0
DA:130,0
DA:134,0
DA:138,1
DA:140,1
DA:141,1
DA:142,1
DA:144,1
DA:145,1
DA:148,1
DA:149,0
DA:150,0
DA:151,0
DA:156,0
DA:157,0
DA:158,0
DA:159,0
DA:162,0
DA:167,1
DA:170,1
DA:171,1
DA:174,2
DA:175,1
DA:177,1
DA:180,1
DA:183,1
DA:188,1
DA:189,1
DA:192,1
DA:200,0
DA:205,1
DA:206,1
DA:208,1
DA:211,0
DA:212,0
DA:221,0
DA:222,0
DA:223,0
DA:224,0
DA:227,0
DA:229,0
DA:230,0
DA:231,0
DA:234,0
DA:237,0
DA:246,1
DA:249,1
DA:252,1
LF:90
LH:52
BRDA:12,0,0,0
BRDA:12,1,0,0
BRDA:17,2,0,0
BRDA:17,2,1,1
BRDA:23,3,0,0
BRDA:23,3,1,1
BRDA:29,4,0,1
BRDA:29,4,1,0
BRDA:45,5,0,1
BRDA:45,5,1,0
BRDA:53,6,0,0
BRDA:53,6,1,1
BRDA:77,7,0,1
BRDA:77,7,1,0
BRDA:88,8,0,0
BRDA:88,8,1,0
BRDA:96,9,0,0
BRDA:96,9,1,0
BRDA:96,10,0,0
BRDA:96,10,1,0
BRDA:102,11,0,0
BRDA:102,11,1,0
BRDA:120,12,0,0
BRDA:120,12,1,0
BRDA:126,13,0,0
BRDA:126,13,1,0
BRDA:148,14,0,0
BRDA:148,14,1,1
BRDA:148,15,0,1
BRDA:148,15,1,0
BRDA:156,16,0,0
BRDA:156,16,1,0
BRDA:180,17,0,1
BRDA:180,17,1,0
BRDA:188,18,0,1
BRDA:188,18,1,0
BRDA:188,19,0,1
BRDA:188,19,1,1
BRDA:227,20,0,0
BRDA:227,20,1,0
BRDA:227,21,0,0
BRDA:227,21,1,0
BRF:42
BRH:12
end_of_record
TN:
SF:utils\sendEmail.js
FN:3,(anonymous_0)
FNF:1
FNH:0
FNDA:0,(anonymous_0)
DA:1,1
DA:3,1
DA:4,0
DA:12,0
DA:20,1
LF:5
LH:3
BRF:0
BRH:0
end_of_record
